2017-01-04 09:10:41  [ main:14 ] - [ INFO ]  第1次执行testCacheable()方法的结果为：1
2017-01-04 09:10:41  [ main:33 ] - [ INFO ]  第2次执行testCacheable()方法的结果为：1
2017-01-04 09:10:41  [ main:35 ] - [ INFO ]  第3次执行testCacheable()方法的结果为：1
2017-01-04 09:10:41  [ main:36 ] - [ INFO ]  第1次执行testCachePut()方法的结果为：2
2017-01-04 09:10:41  [ main:37 ] - [ INFO ]  第2次执行testCachePut()方法的结果为：3
2017-01-04 09:10:41  [ main:37 ] - [ INFO ]  第3次执行testCachePut()方法的结果为：4
2017-01-04 09:10:41  [ main:37 ] - [ INFO ]  执行testCacheEvict()方法
2017-01-04 09:10:41  [ main:39 ] - [ INFO ]  再次执行testCacheable()方法的结果为：6
2017-01-04 09:10:41  [ main:40 ] - [ INFO ]  执行testCacheable1()方法的结果为：7
2017-01-04 09:11:14  [ main:11 ] - [ INFO ]  第1次执行testCacheable()方法的结果为：1
2017-01-04 09:11:14  [ main:13 ] - [ INFO ]  第2次执行testCacheable()方法的结果为：1
2017-01-04 09:11:14  [ main:13 ] - [ INFO ]  第3次执行testCacheable()方法的结果为：1
2017-01-04 09:11:14  [ main:14 ] - [ INFO ]  第1次执行testCachePut()方法的结果为：2
2017-01-04 09:11:14  [ main:14 ] - [ INFO ]  第2次执行testCachePut()方法的结果为：3
2017-01-04 09:11:14  [ main:15 ] - [ INFO ]  第3次执行testCachePut()方法的结果为：4
2017-01-04 09:11:14  [ main:15 ] - [ INFO ]  执行testCacheEvict()方法
2017-01-04 09:11:14  [ main:16 ] - [ INFO ]  再次执行testCacheable()方法的结果为：6
2017-01-04 09:11:14  [ main:17 ] - [ INFO ]  执行testCacheable1()方法的结果为：7
2017-01-04 09:14:41  [ main:11 ] - [ INFO ]  第1次执行testCacheable()方法的结果为：1
2017-01-04 09:14:41  [ main:13 ] - [ INFO ]  第2次执行testCacheable()方法的结果为：1
2017-01-04 09:14:41  [ main:13 ] - [ INFO ]  第3次执行testCacheable()方法的结果为：1
2017-01-04 09:14:41  [ main:14 ] - [ INFO ]  第1次执行testCachePut()方法的结果为：2
2017-01-04 09:14:41  [ main:14 ] - [ INFO ]  第2次执行testCachePut()方法的结果为：3
2017-01-04 09:14:41  [ main:15 ] - [ INFO ]  第3次执行testCachePut()方法的结果为：4
2017-01-04 09:14:41  [ main:15 ] - [ INFO ]  执行testCacheEvict()方法
2017-01-04 09:14:41  [ main:16 ] - [ INFO ]  再次执行testCacheable()方法的结果为：6
2017-01-04 09:14:41  [ main:17 ] - [ INFO ]  执行testCacheable1()方法的结果为：7
2017-01-04 09:16:25  [ main:11 ] - [ INFO ]  第1次执行testCacheable()方法的结果为：1
2017-01-04 09:16:25  [ main:13 ] - [ INFO ]  第2次执行testCacheable()方法的结果为：1
2017-01-04 09:16:25  [ main:14 ] - [ INFO ]  第3次执行testCacheable()方法的结果为：1
2017-01-04 09:16:25  [ main:14 ] - [ INFO ]  第1次执行testCachePut()方法的结果为：2
2017-01-04 09:16:25  [ main:15 ] - [ INFO ]  第2次执行testCachePut()方法的结果为：3
2017-01-04 09:16:25  [ main:15 ] - [ INFO ]  第3次执行testCachePut()方法的结果为：4
2017-01-04 09:16:25  [ main:15 ] - [ INFO ]  执行testCacheEvict()方法
2017-01-04 09:16:25  [ main:16 ] - [ INFO ]  再次执行testCacheable()方法的结果为：6
2017-01-04 09:16:25  [ main:17 ] - [ INFO ]  执行testCacheable1()方法的结果为：7
